<?xml version="1.0" encoding="UTF-8"?>
<!-- Generated by org.testng.reporters.JUnitReportReporter -->
<testsuite hostname="CDC2-L-B99WT93" failures="0" tests="1" name="org.example.sampletest" time="4.565" errors="0" timestamp="2023-01-11T10:29:30 IST" skipped="0">
  <testcase classname="org.example.sampletest" name="test" time="4.565"/>
  <system-out/>
</testsuite> <!-- org.example.sampletest -->
